[ 2014-03-17T07:59:28+08:00 ] 127.0.0.1 /qywxq/zdwxq/index.php?m=Login&a=index
INFO: [ app_begin ] --START--
INFO: Run ReadHtmlCache Behavior [ RunTime:0.000778s ]
INFO: [ app_begin ] --END-- [ RunTime:0.000915s ]
NOTIC: [8] Undefined index:  username E:\AppServ\www\qywxq\zdwxq\Home\Lib\Action\LoginAction.class.php 第 5 行.
INFO: [ view_template ] --START--
INFO: Run LocationTemplate Behavior [ RunTime:0.033085s ]
INFO: [ view_template ] --END-- [ RunTime:0.033223s ]
INFO: [ view_parse ] --START--
INFO: Run ParseTemplate Behavior [ RunTime:0.131257s ]
INFO: [ view_parse ] --END-- [ RunTime:0.131416s ]
INFO: [ view_filter ] --START--
INFO: Run ContentReplace Behavior [ RunTime:0.009069s ]
INFO: Run TokenBuild Behavior [ RunTime:0.001434s ]
INFO: Run WriteHtmlCache Behavior [ RunTime:0.001177s ]
INFO: Run ShowRuntime Behavior [ RunTime:0.001538s ]
INFO: [ view_filter ] --END-- [ RunTime:0.013595s ]
INFO: [ view_end ] --START--
INFO: Run ShowPageTrace Behavior [ RunTime:0.001812s ]
INFO: [ view_end ] --END-- [ RunTime:0.001940s ]

[ 2014-03-17T07:59:28+08:00 ] 127.0.0.1 /qywxq/zdwxq/index.php/Public/code?w=30&h=25
INFO: [ route_check ] --START--
INFO: Run CheckRoute Behavior [ RunTime:0.052473s ]
INFO: [ route_check ] --END-- [ RunTime:0.052645s ]
INFO: [ app_begin ] --START--
INFO: Run ReadHtmlCache Behavior [ RunTime:0.001470s ]
INFO: [ app_begin ] --END-- [ RunTime:0.001614s ]

[ 2014-03-17T07:59:40+08:00 ] 127.0.0.1 /qywxq/zdwxq/index.php/Login/login
INFO: [ route_check ] --START--
INFO: Run CheckRoute Behavior [ RunTime:0.001814s ]
INFO: [ route_check ] --END-- [ RunTime:0.001972s ]
INFO: [ app_begin ] --START--
INFO: Run ReadHtmlCache Behavior [ RunTime:0.001377s ]
INFO: [ app_begin ] --END-- [ RunTime:0.001580s ]
SQL: SHOW COLUMNS FROM `zd_admin` [ RunTime:0.084502s ]
SQL: SELECT `id` FROM `zd_admin` WHERE ( `Username` = 'zhangshuchao' ) AND ( `Password` = '1a8372eda56d552d20f613eafbcda0ef' ) LIMIT 1   [ RunTime:0.048277s ]
INFO: [ view_template ] --START--
INFO: Run LocationTemplate Behavior [ RunTime:0.001813s ]
INFO: [ view_template ] --END-- [ RunTime:0.001960s ]
INFO: [ view_parse ] --START--
INFO: Run ParseTemplate Behavior [ RunTime:0.069720s ]
INFO: [ view_parse ] --END-- [ RunTime:0.069907s ]
INFO: [ view_filter ] --START--
INFO: Run ContentReplace Behavior [ RunTime:0.001575s ]
INFO: Run TokenBuild Behavior [ RunTime:0.001496s ]
INFO: Run WriteHtmlCache Behavior [ RunTime:0.001007s ]
INFO: Run ShowRuntime Behavior [ RunTime:0.001391s ]
INFO: [ view_filter ] --END-- [ RunTime:0.005917s ]
INFO: [ view_end ] --START--
INFO: Run ShowPageTrace Behavior [ RunTime:0.001586s ]
INFO: [ view_end ] --END-- [ RunTime:0.001707s ]

[ 2014-03-17T07:59:42+08:00 ] 127.0.0.1 /qywxq/zdwxq/index.php?m=Index&a=index
INFO: [ app_begin ] --START--
INFO: Run ReadHtmlCache Behavior [ RunTime:0.000809s ]
INFO: [ app_begin ] --END-- [ RunTime:0.000949s ]
SQL: SHOW COLUMNS FROM `zd_publicnum` [ RunTime:0.038328s ]
SQL: SELECT * FROM `zd_publicnum` LIMIT 1   [ RunTime:0.001315s ]
INFO: [ view_template ] --START--
INFO: Run LocationTemplate Behavior [ RunTime:0.001354s ]
INFO: [ view_template ] --END-- [ RunTime:0.001495s ]
INFO: [ view_parse ] --START--
INFO: Run ParseTemplate Behavior [ RunTime:0.047098s ]
INFO: [ view_parse ] --END-- [ RunTime:0.047242s ]
INFO: [ view_filter ] --START--
INFO: Run ContentReplace Behavior [ RunTime:0.000597s ]
INFO: Run TokenBuild Behavior [ RunTime:0.000588s ]
INFO: Run WriteHtmlCache Behavior [ RunTime:0.000328s ]
INFO: Run ShowRuntime Behavior [ RunTime:0.000640s ]
INFO: [ view_filter ] --END-- [ RunTime:0.002454s ]
INFO: [ view_end ] --START--
INFO: Run ShowPageTrace Behavior [ RunTime:0.000849s ]
INFO: [ view_end ] --END-- [ RunTime:0.000960s ]

[ 2014-03-17T07:59:45+08:00 ] 127.0.0.1 /qywxq/zdwxq/index.php/Index/index
INFO: [ route_check ] --START--
INFO: Run CheckRoute Behavior [ RunTime:0.003192s ]
INFO: [ route_check ] --END-- [ RunTime:0.003360s ]
INFO: [ app_begin ] --START--
INFO: Run ReadHtmlCache Behavior [ RunTime:0.000830s ]
INFO: [ app_begin ] --END-- [ RunTime:0.000949s ]
SQL: SHOW COLUMNS FROM `zd_publicnum` [ RunTime:0.002435s ]
SQL: SELECT * FROM `zd_publicnum` LIMIT 1   [ RunTime:0.001301s ]
INFO: [ view_template ] --START--
INFO: Run LocationTemplate Behavior [ RunTime:0.001402s ]
INFO: [ view_template ] --END-- [ RunTime:0.001540s ]
INFO: [ view_parse ] --START--
INFO: Run ParseTemplate Behavior [ RunTime:0.025896s ]
INFO: [ view_parse ] --END-- [ RunTime:0.026039s ]
INFO: [ view_filter ] --START--
INFO: Run ContentReplace Behavior [ RunTime:0.000566s ]
INFO: Run TokenBuild Behavior [ RunTime:0.000588s ]
INFO: Run WriteHtmlCache Behavior [ RunTime:0.000357s ]
INFO: Run ShowRuntime Behavior [ RunTime:0.000636s ]
INFO: [ view_filter ] --END-- [ RunTime:0.002449s ]
INFO: [ view_end ] --START--
INFO: Run ShowPageTrace Behavior [ RunTime:0.000876s ]
INFO: [ view_end ] --END-- [ RunTime:0.000985s ]

[ 2014-03-17T07:59:47+08:00 ] 127.0.0.1 /qywxq/zdwxq/index.php/Index/password
INFO: [ route_check ] --START--
INFO: Run CheckRoute Behavior [ RunTime:0.001992s ]
INFO: [ route_check ] --END-- [ RunTime:0.002163s ]
INFO: [ app_begin ] --START--
INFO: Run ReadHtmlCache Behavior [ RunTime:0.001373s ]
INFO: [ app_begin ] --END-- [ RunTime:0.001504s ]
INFO: [ view_template ] --START--
INFO: Run LocationTemplate Behavior [ RunTime:0.001959s ]
INFO: [ view_template ] --END-- [ RunTime:0.002113s ]
INFO: [ view_parse ] --START--
INFO: Run ParseTemplate Behavior [ RunTime:0.044749s ]
INFO: [ view_parse ] --END-- [ RunTime:0.044918s ]
INFO: [ view_filter ] --START--
INFO: Run ContentReplace Behavior [ RunTime:0.001185s ]
INFO: Run TokenBuild Behavior [ RunTime:0.001253s ]
INFO: Run WriteHtmlCache Behavior [ RunTime:0.000972s ]
INFO: Run ShowRuntime Behavior [ RunTime:0.001565s ]
INFO: [ view_filter ] --END-- [ RunTime:0.005352s ]
INFO: [ view_end ] --START--
INFO: Run ShowPageTrace Behavior [ RunTime:0.001645s ]
INFO: [ view_end ] --END-- [ RunTime:0.001770s ]

[ 2014-03-17T07:59:49+08:00 ] 127.0.0.1 /qywxq/zdwxq/index.php/Index/wall
INFO: [ route_check ] --START--
INFO: Run CheckRoute Behavior [ RunTime:0.001186s ]
INFO: [ route_check ] --END-- [ RunTime:0.001341s ]
INFO: [ app_begin ] --START--
INFO: Run ReadHtmlCache Behavior [ RunTime:0.000866s ]
INFO: [ app_begin ] --END-- [ RunTime:0.000985s ]
SQL: SHOW COLUMNS FROM `zd_wall` [ RunTime:0.045391s ]
SQL: SELECT * FROM `zd_wall` LIMIT 1   [ RunTime:0.001055s ]
INFO: [ view_template ] --START--
INFO: Run LocationTemplate Behavior [ RunTime:0.001341s ]
INFO: [ view_template ] --END-- [ RunTime:0.001479s ]
INFO: [ view_parse ] --START--
INFO: Run ParseTemplate Behavior [ RunTime:0.021862s ]
INFO: [ view_parse ] --END-- [ RunTime:0.022008s ]
INFO: [ view_filter ] --START--
INFO: Run ContentReplace Behavior [ RunTime:0.000623s ]
INFO: Run TokenBuild Behavior [ RunTime:0.000601s ]
INFO: Run WriteHtmlCache Behavior [ RunTime:0.000374s ]
INFO: Run ShowRuntime Behavior [ RunTime:0.000643s ]
INFO: [ view_filter ] --END-- [ RunTime:0.002555s ]
INFO: [ view_end ] --START--
INFO: Run ShowPageTrace Behavior [ RunTime:0.000827s ]
INFO: [ view_end ] --END-- [ RunTime:0.000936s ]

[ 2014-03-17T07:59:52+08:00 ] 127.0.0.1 /qywxq/zdwxq/index.php/Index/prize
INFO: [ route_check ] --START--
INFO: Run CheckRoute Behavior [ RunTime:0.001310s ]
INFO: [ route_check ] --END-- [ RunTime:0.001472s ]
INFO: [ app_begin ] --START--
INFO: Run ReadHtmlCache Behavior [ RunTime:0.000841s ]
INFO: [ app_begin ] --END-- [ RunTime:0.000965s ]
SQL: SHOW COLUMNS FROM `zd_draw` [ RunTime:0.039196s ]
SQL: SELECT * FROM `zd_draw` LIMIT 1   [ RunTime:0.001211s ]
INFO: [ view_template ] --START--
INFO: Run LocationTemplate Behavior [ RunTime:0.001876s ]
INFO: [ view_template ] --END-- [ RunTime:0.002006s ]
INFO: [ view_parse ] --START--
INFO: Run ParseTemplate Behavior [ RunTime:0.032607s ]
INFO: [ view_parse ] --END-- [ RunTime:0.032751s ]
INFO: [ view_filter ] --START--
INFO: Run ContentReplace Behavior [ RunTime:0.001204s ]
INFO: Run TokenBuild Behavior [ RunTime:0.001155s ]
INFO: Run WriteHtmlCache Behavior [ RunTime:0.001054s ]
INFO: Run ShowRuntime Behavior [ RunTime:0.001779s ]
INFO: [ view_filter ] --END-- [ RunTime:0.005581s ]
INFO: [ view_end ] --START--
INFO: Run ShowPageTrace Behavior [ RunTime:0.001634s ]
INFO: [ view_end ] --END-- [ RunTime:0.001767s ]

[ 2014-03-17T07:59:54+08:00 ] 127.0.0.1 /qywxq/zdwxq/index.php/Index/vote
INFO: [ route_check ] --START--
INFO: Run CheckRoute Behavior [ RunTime:0.001245s ]
INFO: [ route_check ] --END-- [ RunTime:0.001506s ]
INFO: [ app_begin ] --START--
INFO: Run ReadHtmlCache Behavior [ RunTime:0.001099s ]
INFO: [ app_begin ] --END-- [ RunTime:0.001243s ]
SQL: SHOW COLUMNS FROM `zd_vote` [ RunTime:0.011860s ]
SQL: SELECT * FROM `zd_vote` LIMIT 1   [ RunTime:0.001256s ]
SQL: SHOW COLUMNS FROM `zd_project` [ RunTime:0.019984s ]
SQL: SELECT * FROM `zd_project`  [ RunTime:0.001365s ]
INFO: [ view_template ] --START--
INFO: Run LocationTemplate Behavior [ RunTime:0.001268s ]
INFO: [ view_template ] --END-- [ RunTime:0.001397s ]
INFO: [ view_parse ] --START--
INFO: Run ParseTemplate Behavior [ RunTime:0.028063s ]
INFO: [ view_parse ] --END-- [ RunTime:0.028202s ]
INFO: [ view_filter ] --START--
INFO: Run ContentReplace Behavior [ RunTime:0.000574s ]
INFO: Run TokenBuild Behavior [ RunTime:0.000579s ]
INFO: Run WriteHtmlCache Behavior [ RunTime:0.000346s ]
INFO: Run ShowRuntime Behavior [ RunTime:0.000635s ]
INFO: [ view_filter ] --END-- [ RunTime:0.002430s ]
INFO: [ view_end ] --START--
INFO: Run ShowPageTrace Behavior [ RunTime:0.000882s ]
INFO: [ view_end ] --END-- [ RunTime:0.000997s ]

[ 2014-03-17T07:59:56+08:00 ] 127.0.0.1 /qywxq/zdwxq/index.php/Index/shake
INFO: [ route_check ] --START--
INFO: Run CheckRoute Behavior [ RunTime:0.001864s ]
INFO: [ route_check ] --END-- [ RunTime:0.002030s ]
INFO: [ app_begin ] --START--
INFO: Run ReadHtmlCache Behavior [ RunTime:0.001688s ]
INFO: [ app_begin ] --END-- [ RunTime:0.001836s ]
INFO: [ view_template ] --START--
INFO: Run LocationTemplate Behavior [ RunTime:0.001819s ]
INFO: [ view_template ] --END-- [ RunTime:0.001965s ]
INFO: [ view_parse ] --START--
INFO: Run ParseTemplate Behavior [ RunTime:0.027061s ]
INFO: [ view_parse ] --END-- [ RunTime:0.027230s ]
INFO: [ view_filter ] --START--
INFO: Run ContentReplace Behavior [ RunTime:0.001195s ]
INFO: Run TokenBuild Behavior [ RunTime:0.001296s ]
INFO: Run WriteHtmlCache Behavior [ RunTime:0.000991s ]
INFO: Run ShowRuntime Behavior [ RunTime:0.001269s ]
INFO: [ view_filter ] --END-- [ RunTime:0.005103s ]
INFO: [ view_end ] --START--
INFO: Run ShowPageTrace Behavior [ RunTime:0.001797s ]
INFO: [ view_end ] --END-- [ RunTime:0.001924s ]

[ 2014-03-17T08:00:48+08:00 ] 127.0.0.1 /qywxq/zdwxq/index.php/Index/ceremony
INFO: [ route_check ] --START--
INFO: Run CheckRoute Behavior [ RunTime:0.001206s ]
INFO: [ route_check ] --END-- [ RunTime:0.001358s ]
INFO: [ app_begin ] --START--
INFO: Run ReadHtmlCache Behavior [ RunTime:0.000787s ]
INFO: [ app_begin ] --END-- [ RunTime:0.000905s ]
INFO: [ view_template ] --START--
INFO: Run LocationTemplate Behavior [ RunTime:0.001244s ]
INFO: [ view_template ] --END-- [ RunTime:0.001395s ]
INFO: [ view_parse ] --START--
INFO: Run ParseTemplate Behavior [ RunTime:0.016431s ]
INFO: [ view_parse ] --END-- [ RunTime:0.016598s ]
INFO: [ view_filter ] --START--
INFO: Run ContentReplace Behavior [ RunTime:0.000556s ]
INFO: Run TokenBuild Behavior [ RunTime:0.000511s ]
INFO: Run WriteHtmlCache Behavior [ RunTime:0.000322s ]
INFO: Run ShowRuntime Behavior [ RunTime:0.000628s ]
INFO: [ view_filter ] --END-- [ RunTime:0.002318s ]
INFO: [ view_end ] --START--
INFO: Run ShowPageTrace Behavior [ RunTime:0.000866s ]
INFO: [ view_end ] --END-- [ RunTime:0.000978s ]

[ 2014-03-17T08:00:50+08:00 ] 127.0.0.1 /qywxq/zdwxq/index.php/Index/shake
INFO: [ route_check ] --START--
INFO: Run CheckRoute Behavior [ RunTime:0.001249s ]
INFO: [ route_check ] --END-- [ RunTime:0.001411s ]
INFO: [ app_begin ] --START--
INFO: Run ReadHtmlCache Behavior [ RunTime:0.002685s ]
INFO: [ app_begin ] --END-- [ RunTime:0.002832s ]
INFO: [ view_template ] --START--
INFO: Run LocationTemplate Behavior [ RunTime:0.001231s ]
INFO: [ view_template ] --END-- [ RunTime:0.001381s ]
INFO: [ view_parse ] --START--
INFO: Run ParseTemplate Behavior [ RunTime:0.016138s ]
INFO: [ view_parse ] --END-- [ RunTime:0.016313s ]
INFO: [ view_filter ] --START--
INFO: Run ContentReplace Behavior [ RunTime:0.000699s ]
INFO: Run TokenBuild Behavior [ RunTime:0.000547s ]
INFO: Run WriteHtmlCache Behavior [ RunTime:0.000452s ]
INFO: Run ShowRuntime Behavior [ RunTime:0.000689s ]
INFO: [ view_filter ] --END-- [ RunTime:0.002717s ]
INFO: [ view_end ] --START--
INFO: Run ShowPageTrace Behavior [ RunTime:0.000911s ]
INFO: [ view_end ] --END-- [ RunTime:0.001027s ]

[ 2014-03-17T08:01:05+08:00 ] 127.0.0.1 /qywxq/zdwxq/index.php/Index/shake
INFO: [ route_check ] --START--
INFO: Run CheckRoute Behavior [ RunTime:0.001316s ]
INFO: [ route_check ] --END-- [ RunTime:0.001477s ]
INFO: [ app_begin ] --START--
INFO: Run ReadHtmlCache Behavior [ RunTime:0.000808s ]
INFO: [ app_begin ] --END-- [ RunTime:0.000923s ]
INFO: [ view_template ] --START--
INFO: Run LocationTemplate Behavior [ RunTime:0.000616s ]
INFO: [ view_template ] --END-- [ RunTime:0.000758s ]
INFO: [ view_parse ] --START--
INFO: Run ParseTemplate Behavior [ RunTime:0.015811s ]
INFO: [ view_parse ] --END-- [ RunTime:0.015979s ]
INFO: [ view_filter ] --START--
INFO: Run ContentReplace Behavior [ RunTime:0.000789s ]
INFO: Run TokenBuild Behavior [ RunTime:0.000567s ]
INFO: Run WriteHtmlCache Behavior [ RunTime:0.000324s ]
INFO: Run ShowRuntime Behavior [ RunTime:0.000629s ]
INFO: [ view_filter ] --END-- [ RunTime:0.002628s ]
INFO: [ view_end ] --START--
INFO: Run ShowPageTrace Behavior [ RunTime:0.000969s ]
INFO: [ view_end ] --END-- [ RunTime:0.001087s ]

[ 2014-03-17T08:07:56+08:00 ] 127.0.0.1 /qywxq/zdwxq/index.php/Index/shake
INFO: [ route_check ] --START--
INFO: Run CheckRoute Behavior [ RunTime:0.001804s ]
INFO: [ route_check ] --END-- [ RunTime:0.001963s ]
INFO: [ app_begin ] --START--
INFO: Run ReadHtmlCache Behavior [ RunTime:0.001378s ]
INFO: [ app_begin ] --END-- [ RunTime:0.001513s ]
INFO: [ view_template ] --START--
INFO: Run LocationTemplate Behavior [ RunTime:0.001834s ]
INFO: [ view_template ] --END-- [ RunTime:0.001985s ]
INFO: [ view_parse ] --START--
INFO: Run ParseTemplate Behavior [ RunTime:0.021908s ]
INFO: [ view_parse ] --END-- [ RunTime:0.022078s ]
INFO: [ view_filter ] --START--
INFO: Run ContentReplace Behavior [ RunTime:0.001195s ]
INFO: Run TokenBuild Behavior [ RunTime:0.001299s ]
INFO: Run WriteHtmlCache Behavior [ RunTime:0.001020s ]
INFO: Run ShowRuntime Behavior [ RunTime:0.001279s ]
INFO: [ view_filter ] --END-- [ RunTime:0.005144s ]
INFO: [ view_end ] --START--
INFO: Run ShowPageTrace Behavior [ RunTime:0.001526s ]
INFO: [ view_end ] --END-- [ RunTime:0.001646s ]

[ 2014-03-17T08:07:58+08:00 ] 127.0.0.1 /qywxq/zdwxq/index.php/Index/shake
INFO: [ route_check ] --START--
INFO: Run CheckRoute Behavior [ RunTime:0.002474s ]
INFO: [ route_check ] --END-- [ RunTime:0.002649s ]
INFO: [ app_begin ] --START--
INFO: Run ReadHtmlCache Behavior [ RunTime:0.004112s ]
INFO: [ app_begin ] --END-- [ RunTime:0.004650s ]
INFO: [ view_template ] --START--
INFO: Run LocationTemplate Behavior [ RunTime:0.004517s ]
INFO: [ view_template ] --END-- [ RunTime:0.004758s ]
INFO: [ view_parse ] --START--
INFO: Run ParseTemplate Behavior [ RunTime:0.028846s ]
INFO: [ view_parse ] --END-- [ RunTime:0.029208s ]
INFO: [ view_filter ] --START--
INFO: Run ContentReplace Behavior [ RunTime:0.002043s ]
INFO: Run TokenBuild Behavior [ RunTime:0.002090s ]
INFO: Run WriteHtmlCache Behavior [ RunTime:0.001653s ]
INFO: Run ShowRuntime Behavior [ RunTime:0.002307s ]
INFO: [ view_filter ] --END-- [ RunTime:0.008733s ]
INFO: [ view_end ] --START--
INFO: Run ShowPageTrace Behavior [ RunTime:0.002581s ]
INFO: [ view_end ] --END-- [ RunTime:0.002812s ]

[ 2014-03-17T08:08:00+08:00 ] 127.0.0.1 /qywxq/zdwxq/index.php/Index/ceremony
INFO: [ route_check ] --START--
INFO: Run CheckRoute Behavior [ RunTime:0.001200s ]
INFO: [ route_check ] --END-- [ RunTime:0.001504s ]
INFO: [ app_begin ] --START--
INFO: Run ReadHtmlCache Behavior [ RunTime:0.000810s ]
INFO: [ app_begin ] --END-- [ RunTime:0.000927s ]
INFO: [ view_template ] --START--
INFO: Run LocationTemplate Behavior [ RunTime:0.001412s ]
INFO: [ view_template ] --END-- [ RunTime:0.001585s ]
INFO: [ view_parse ] --START--
INFO: Run ParseTemplate Behavior [ RunTime:0.017843s ]
INFO: [ view_parse ] --END-- [ RunTime:0.018016s ]
INFO: [ view_filter ] --START--
INFO: Run ContentReplace Behavior [ RunTime:0.000553s ]
INFO: Run TokenBuild Behavior [ RunTime:0.000502s ]
INFO: Run WriteHtmlCache Behavior [ RunTime:0.000414s ]
INFO: Run ShowRuntime Behavior [ RunTime:0.000835s ]
INFO: [ view_filter ] --END-- [ RunTime:0.002625s ]
INFO: [ view_end ] --START--
INFO: Run ShowPageTrace Behavior [ RunTime:0.000890s ]
INFO: [ view_end ] --END-- [ RunTime:0.001003s ]

[ 2014-03-17T08:08:02+08:00 ] 127.0.0.1 /qywxq/zdwxq/index.php/Index/vote
INFO: [ route_check ] --START--
INFO: Run CheckRoute Behavior [ RunTime:0.001391s ]
INFO: [ route_check ] --END-- [ RunTime:0.001608s ]
INFO: [ app_begin ] --START--
INFO: Run ReadHtmlCache Behavior [ RunTime:0.000822s ]
INFO: [ app_begin ] --END-- [ RunTime:0.000943s ]
SQL: SHOW COLUMNS FROM `zd_vote` [ RunTime:0.002215s ]
SQL: SELECT * FROM `zd_vote` LIMIT 1   [ RunTime:0.001275s ]
SQL: SHOW COLUMNS FROM `zd_project` [ RunTime:0.002348s ]
SQL: SELECT * FROM `zd_project`  [ RunTime:0.001565s ]
INFO: [ view_template ] --START--
INFO: Run LocationTemplate Behavior [ RunTime:0.001229s ]
INFO: [ view_template ] --END-- [ RunTime:0.001359s ]
INFO: [ view_parse ] --START--
INFO: Run ParseTemplate Behavior [ RunTime:0.024688s ]
INFO: [ view_parse ] --END-- [ RunTime:0.024829s ]
INFO: [ view_filter ] --START--
INFO: Run ContentReplace Behavior [ RunTime:0.000580s ]
INFO: Run TokenBuild Behavior [ RunTime:0.000511s ]
INFO: Run WriteHtmlCache Behavior [ RunTime:0.000316s ]
INFO: Run ShowRuntime Behavior [ RunTime:0.000958s ]
INFO: [ view_filter ] --END-- [ RunTime:0.002685s ]
INFO: [ view_end ] --START--
INFO: Run ShowPageTrace Behavior [ RunTime:0.001029s ]
INFO: [ view_end ] --END-- [ RunTime:0.001149s ]

[ 2014-03-17T08:09:57+08:00 ] 127.0.0.1 /qywxq/zdwxq/index.php/Index/shake
INFO: [ route_check ] --START--
INFO: Run CheckRoute Behavior [ RunTime:0.002179s ]
INFO: [ route_check ] --END-- [ RunTime:0.002350s ]
INFO: [ app_begin ] --START--
INFO: Run ReadHtmlCache Behavior [ RunTime:0.001475s ]
INFO: [ app_begin ] --END-- [ RunTime:0.001620s ]
INFO: [ view_template ] --START--
INFO: Run LocationTemplate Behavior [ RunTime:0.002916s ]
INFO: [ view_template ] --END-- [ RunTime:0.003170s ]
INFO: [ view_parse ] --START--
INFO: Run ParseTemplate Behavior [ RunTime:0.020964s ]
INFO: [ view_parse ] --END-- [ RunTime:0.021133s ]
INFO: [ view_filter ] --START--
INFO: Run ContentReplace Behavior [ RunTime:0.001261s ]
INFO: Run TokenBuild Behavior [ RunTime:0.001185s ]
INFO: Run WriteHtmlCache Behavior [ RunTime:0.001014s ]
INFO: Run ShowRuntime Behavior [ RunTime:0.001274s ]
INFO: [ view_filter ] --END-- [ RunTime:0.005141s ]
INFO: [ view_end ] --START--
INFO: Run ShowPageTrace Behavior [ RunTime:0.001588s ]
INFO: [ view_end ] --END-- [ RunTime:0.001712s ]

[ 2014-03-17T08:09:59+08:00 ] 127.0.0.1 /qywxq/zdwxq/index.php/Index/vote
INFO: [ route_check ] --START--
INFO: Run CheckRoute Behavior [ RunTime:0.001885s ]
INFO: [ route_check ] --END-- [ RunTime:0.002046s ]
INFO: [ app_begin ] --START--
INFO: Run ReadHtmlCache Behavior [ RunTime:0.001559s ]
INFO: [ app_begin ] --END-- [ RunTime:0.001706s ]
SQL: SHOW COLUMNS FROM `zd_vote` [ RunTime:0.002052s ]
SQL: SELECT * FROM `zd_vote` LIMIT 1   [ RunTime:0.001441s ]
SQL: SHOW COLUMNS FROM `zd_project` [ RunTime:0.002402s ]
SQL: SELECT * FROM `zd_project`  [ RunTime:0.001168s ]
INFO: [ view_template ] --START--
INFO: Run LocationTemplate Behavior [ RunTime:0.001290s ]
INFO: [ view_template ] --END-- [ RunTime:0.001416s ]
INFO: [ view_parse ] --START--
INFO: Run ParseTemplate Behavior [ RunTime:0.029167s ]
INFO: [ view_parse ] --END-- [ RunTime:0.029307s ]
INFO: [ view_filter ] --START--
INFO: Run ContentReplace Behavior [ RunTime:0.001245s ]
INFO: Run TokenBuild Behavior [ RunTime:0.001158s ]
INFO: Run WriteHtmlCache Behavior [ RunTime:0.000961s ]
INFO: Run ShowRuntime Behavior [ RunTime:0.001378s ]
INFO: [ view_filter ] --END-- [ RunTime:0.005086s ]
INFO: [ view_end ] --START--
INFO: Run ShowPageTrace Behavior [ RunTime:0.001598s ]
INFO: [ view_end ] --END-- [ RunTime:0.001721s ]

[ 2014-03-17T08:10:01+08:00 ] 127.0.0.1 /qywxq/zdwxq/index.php/Index/prize
INFO: [ route_check ] --START--
INFO: Run CheckRoute Behavior [ RunTime:0.001982s ]
INFO: [ route_check ] --END-- [ RunTime:0.002143s ]
INFO: [ app_begin ] --START--
INFO: Run ReadHtmlCache Behavior [ RunTime:0.001373s ]
INFO: [ app_begin ] --END-- [ RunTime:0.001504s ]
SQL: SHOW COLUMNS FROM `zd_draw` [ RunTime:0.002494s ]
SQL: SELECT * FROM `zd_draw` LIMIT 1   [ RunTime:0.001178s ]
INFO: [ view_template ] --START--
INFO: Run LocationTemplate Behavior [ RunTime:0.001917s ]
INFO: [ view_template ] --END-- [ RunTime:0.002050s ]
INFO: [ view_parse ] --START--
INFO: Run ParseTemplate Behavior [ RunTime:0.024912s ]
INFO: [ view_parse ] --END-- [ RunTime:0.025055s ]
INFO: [ view_filter ] --START--
INFO: Run ContentReplace Behavior [ RunTime:0.001184s ]
INFO: Run TokenBuild Behavior [ RunTime:0.001302s ]
INFO: Run WriteHtmlCache Behavior [ RunTime:0.001089s ]
INFO: Run ShowRuntime Behavior [ RunTime:0.001362s ]
INFO: [ view_filter ] --END-- [ RunTime:0.005311s ]
INFO: [ view_end ] --START--
INFO: Run ShowPageTrace Behavior [ RunTime:0.001587s ]
INFO: [ view_end ] --END-- [ RunTime:0.001708s ]

[ 2014-03-17T08:10:03+08:00 ] 127.0.0.1 /qywxq/zdwxq/index.php/Index/wall
INFO: [ route_check ] --START--
INFO: Run CheckRoute Behavior [ RunTime:0.001941s ]
INFO: [ route_check ] --END-- [ RunTime:0.002105s ]
INFO: [ app_begin ] --START--
INFO: Run ReadHtmlCache Behavior [ RunTime:0.001564s ]
INFO: [ app_begin ] --END-- [ RunTime:0.001722s ]
SQL: SHOW COLUMNS FROM `zd_wall` [ RunTime:0.002483s ]
SQL: SELECT * FROM `zd_wall` LIMIT 1   [ RunTime:0.002075s ]
INFO: [ view_template ] --START--
INFO: Run LocationTemplate Behavior [ RunTime:0.001899s ]
INFO: [ view_template ] --END-- [ RunTime:0.002033s ]
INFO: [ view_parse ] --START--
INFO: Run ParseTemplate Behavior [ RunTime:0.033096s ]
INFO: [ view_parse ] --END-- [ RunTime:0.033240s ]
INFO: [ view_filter ] --START--
INFO: Run ContentReplace Behavior [ RunTime:0.001241s ]
INFO: Run TokenBuild Behavior [ RunTime:0.001242s ]
INFO: Run WriteHtmlCache Behavior [ RunTime:0.000999s ]
INFO: Run ShowRuntime Behavior [ RunTime:0.001276s ]
INFO: [ view_filter ] --END-- [ RunTime:0.005100s ]
INFO: [ view_end ] --START--
INFO: Run ShowPageTrace Behavior [ RunTime:0.001591s ]
INFO: [ view_end ] --END-- [ RunTime:0.001715s ]

[ 2014-03-17T08:10:05+08:00 ] 127.0.0.1 /qywxq/zdwxq/index.php/Index/password
INFO: [ route_check ] --START--
INFO: Run CheckRoute Behavior [ RunTime:0.001201s ]
INFO: [ route_check ] --END-- [ RunTime:0.001355s ]
INFO: [ app_begin ] --START--
INFO: Run ReadHtmlCache Behavior [ RunTime:0.000973s ]
INFO: [ app_begin ] --END-- [ RunTime:0.001100s ]
INFO: [ view_template ] --START--
INFO: Run LocationTemplate Behavior [ RunTime:0.001257s ]
INFO: [ view_template ] --END-- [ RunTime:0.001412s ]
INFO: [ view_parse ] --START--
INFO: Run ParseTemplate Behavior [ RunTime:0.018453s ]
INFO: [ view_parse ] --END-- [ RunTime:0.018626s ]
INFO: [ view_filter ] --START--
INFO: Run ContentReplace Behavior [ RunTime:0.000671s ]
INFO: Run TokenBuild Behavior [ RunTime:0.000660s ]
INFO: Run WriteHtmlCache Behavior [ RunTime:0.000352s ]
INFO: Run ShowRuntime Behavior [ RunTime:0.000711s ]
INFO: [ view_filter ] --END-- [ RunTime:0.002874s ]
INFO: [ view_end ] --START--
INFO: Run ShowPageTrace Behavior [ RunTime:0.000967s ]
INFO: [ view_end ] --END-- [ RunTime:0.001089s ]

